
> solarkoala-frontend@1.0.0 start:web
> expo start --web

Starting project at /Users/dinu/SolarKoala-Frontend/solarkoala-frontend
React Compiler enabled
Starting Metro Bundler
Waiting on http://localhost:8081
Logs for your project will appear below.
λ Bundled 922ms node_modules/expo-router/node/render.js (1120 modules)
λ  WARN  props.pointerEvents is deprecated. Use style.pointerEvents 
Web node_modules/expo-router/entry.js ▓▓▓▓▓▓▓▓▓▓▓▓▓▓▓░ 99.9% (1226/1226)
Web Bundled 2212ms node_modules/expo-router/entry.js (1226 modules)
Web Bundled 446ms node_modules/expo-router/entry.js (1000 modules)
 LOG  [web] Logs will appear in the browser console
Web node_modules/expo-router/entry.js ░░░░░░░░░░░░░░░░  0.0% (0/1)
λ Bundled 290ms node_modules/expo-router/node/render.js (1 module)
λ  WARN  props.pointerEvents is deprecated. Use style.pointerEvents 
Web Bundled 1159ms node_modules/expo-router/entry.js (1 module)
Web Bundled 79ms node_modules/expo-router/entry.js (1 module)
 LOG  [web] Logs will appear in the browser console
Web node_modules/expo-router/entry.js ░░░░░░░░░░░░░░░░  0.0% (0/1)
λ  WARN  props.pointerEvents is deprecated. Use style.pointerEvents 
λ Bundled 42ms node_modules/expo-router/node/render.js (1 module)
Web Bundled 199ms node_modules/expo-router/entry.js (1 module)
Web Bundled 66ms node_modules/expo-router/entry.js (1 module)
 LOG  [web] Logs will appear in the browser console
› Detected a change in babel.config.js. Restart the server to see the new results. You may need to clear the bundler cache with the --clear flag for your changes to take effect.
› Detected a change in metro.config.js. Restart the server to see the new results.
warn - No utility classes were detected in your source files. If this is unexpected, double-check the `content` option in your Tailwind CSS configuration.
warn - https://tailwindcss.com/docs/content-configuration

